2022-05-14 22:10:26.206  INFO 20620 --- [restartedMain] c.r.C.CustomerServiceApplication         : Starting CustomerServiceApplication using Java 11.0.13 on DESKTOP-AJU2EVC with PID 20620 (C:\Users\emin\Desktop\Projeler\Mülakat\getir\ReadingIsGood\ReadingIsGood\CustomerService\target\classes started by emin in C:\Users\emin\Desktop\Projeler\Mülakat\getir\ReadingIsGood\ReadingIsGood\CustomerService)
2022-05-14 22:10:26.212  INFO 20620 --- [restartedMain] c.r.C.CustomerServiceApplication         : No active profile set, falling back to 1 default profile: "default"
2022-05-14 22:10:26.340  INFO 20620 --- [restartedMain] .e.DevToolsPropertyDefaultsPostProcessor : Devtools property defaults active! Set 'spring.devtools.add-properties' to 'false' to disable
2022-05-14 22:10:26.951  INFO 20620 --- [restartedMain] .s.d.r.c.RepositoryConfigurationDelegate : Bootstrapping Spring Data MongoDB repositories in DEFAULT mode.
2022-05-14 22:10:27.104  INFO 20620 --- [restartedMain] .s.d.r.c.RepositoryConfigurationDelegate : Finished Spring Data repository scanning in 145 ms. Found 1 MongoDB repository interfaces.
2022-05-14 22:10:27.248  INFO 20620 --- [restartedMain] .s.d.r.c.RepositoryConfigurationDelegate : Bootstrapping Spring Data Reactive MongoDB repositories in DEFAULT mode.
2022-05-14 22:10:27.261  INFO 20620 --- [restartedMain] .s.d.r.c.RepositoryConfigurationDelegate : Finished Spring Data repository scanning in 12 ms. Found 0 Reactive MongoDB repository interfaces.
2022-05-14 22:10:27.673  INFO 20620 --- [restartedMain] org.mongodb.driver.cluster               : Cluster created with settings {hosts=[localhost:27017], mode=MULTIPLE, requiredClusterType=REPLICA_SET, serverSelectionTimeout='30000 ms', requiredReplicaSetName='rs0'}
2022-05-14 22:10:27.674  INFO 20620 --- [restartedMain] org.mongodb.driver.cluster               : Adding discovered server localhost:27017 to client view of cluster
2022-05-14 22:10:27.762  INFO 20620 --- [cluster-ClusterId{value='627ffea37109b65d0039a52f', description='null'}-localhost:27017] org.mongodb.driver.connection            : Opened connection [connectionId{localValue:2, serverValue:11}] to localhost:27017
2022-05-14 22:10:27.762  INFO 20620 --- [cluster-rtt-ClusterId{value='627ffea37109b65d0039a52f', description='null'}-localhost:27017] org.mongodb.driver.connection            : Opened connection [connectionId{localValue:1, serverValue:12}] to localhost:27017
2022-05-14 22:10:27.764  INFO 20620 --- [cluster-ClusterId{value='627ffea37109b65d0039a52f', description='null'}-localhost:27017] org.mongodb.driver.cluster               : Monitor thread successfully connected to server with description ServerDescription{address=localhost:27017, type=STANDALONE, state=CONNECTED, ok=true, minWireVersion=0, maxWireVersion=13, maxDocumentSize=16777216, logicalSessionTimeoutMinutes=30, roundTripTimeNanos=30331500}
2022-05-14 22:10:27.770 ERROR 20620 --- [cluster-ClusterId{value='627ffea37109b65d0039a52f', description='null'}-localhost:27017] org.mongodb.driver.cluster               : Expecting replica set member, but found a STANDALONE.  Removing localhost:27017 from client view of cluster.
2022-05-14 22:10:28.083  INFO 20620 --- [restartedMain] o.s.b.d.a.OptionalLiveReloadServer       : LiveReload server is running on port 35729
2022-05-14 22:10:28.358  INFO 20620 --- [restartedMain] org.mongodb.driver.cluster               : Cluster created with settings {hosts=[localhost:27017], mode=MULTIPLE, requiredClusterType=REPLICA_SET, serverSelectionTimeout='30000 ms', requiredReplicaSetName='rs0'}
2022-05-14 22:10:28.358  INFO 20620 --- [restartedMain] org.mongodb.driver.cluster               : Adding discovered server localhost:27017 to client view of cluster
2022-05-14 22:10:28.405  INFO 20620 --- [cluster-rtt-ClusterId{value='627ffea47109b65d0039a530', description='null'}-localhost:27017] org.mongodb.driver.connection            : Opened connection [connectionId{localValue:4, serverValue:13}] to localhost:27017
2022-05-14 22:10:28.408  INFO 20620 --- [cluster-ClusterId{value='627ffea47109b65d0039a530', description='null'}-localhost:27017] org.mongodb.driver.connection            : Opened connection [connectionId{localValue:3, serverValue:14}] to localhost:27017
2022-05-14 22:10:28.408  INFO 20620 --- [cluster-ClusterId{value='627ffea47109b65d0039a530', description='null'}-localhost:27017] org.mongodb.driver.cluster               : Monitor thread successfully connected to server with description ServerDescription{address=localhost:27017, type=STANDALONE, state=CONNECTED, ok=true, minWireVersion=0, maxWireVersion=13, maxDocumentSize=16777216, logicalSessionTimeoutMinutes=30, roundTripTimeNanos=11292300}
2022-05-14 22:10:28.409 ERROR 20620 --- [cluster-ClusterId{value='627ffea47109b65d0039a530', description='null'}-localhost:27017] org.mongodb.driver.cluster               : Expecting replica set member, but found a STANDALONE.  Removing localhost:27017 from client view of cluster.
2022-05-14 22:10:28.543  INFO 20620 --- [restartedMain] c.r.C.CustomerServiceApplication         : Started CustomerServiceApplication in 3.515 seconds (JVM running for 7.253)
2022-05-14 22:18:30.780  INFO 16908 --- [restartedMain] c.r.C.CustomerServiceApplication         : Starting CustomerServiceApplication using Java 11.0.13 on DESKTOP-AJU2EVC with PID 16908 (C:\Users\emin\Desktop\Projeler\Mülakat\getir\ReadingIsGood\ReadingIsGood\CustomerService\target\classes started by emin in C:\Users\emin\Desktop\Projeler\Mülakat\getir\ReadingIsGood\ReadingIsGood\CustomerService)
2022-05-14 22:18:30.785  INFO 16908 --- [restartedMain] c.r.C.CustomerServiceApplication         : No active profile set, falling back to 1 default profile: "default"
2022-05-14 22:18:30.939  INFO 16908 --- [restartedMain] .e.DevToolsPropertyDefaultsPostProcessor : Devtools property defaults active! Set 'spring.devtools.add-properties' to 'false' to disable
2022-05-14 22:18:31.470  INFO 16908 --- [restartedMain] .s.d.r.c.RepositoryConfigurationDelegate : Bootstrapping Spring Data MongoDB repositories in DEFAULT mode.
2022-05-14 22:18:31.573  INFO 16908 --- [restartedMain] .s.d.r.c.RepositoryConfigurationDelegate : Finished Spring Data repository scanning in 93 ms. Found 1 MongoDB repository interfaces.
2022-05-14 22:18:31.681  INFO 16908 --- [restartedMain] .s.d.r.c.RepositoryConfigurationDelegate : Bootstrapping Spring Data Reactive MongoDB repositories in DEFAULT mode.
2022-05-14 22:18:31.692  INFO 16908 --- [restartedMain] .s.d.r.c.RepositoryConfigurationDelegate : Finished Spring Data repository scanning in 10 ms. Found 0 Reactive MongoDB repository interfaces.
2022-05-14 22:18:32.114  INFO 16908 --- [restartedMain] org.mongodb.driver.cluster               : Cluster created with settings {hosts=[localhost:27017], mode=SINGLE, requiredClusterType=UNKNOWN, serverSelectionTimeout='30000 ms'}
2022-05-14 22:18:32.200  INFO 16908 --- [cluster-ClusterId{value='6280008827159126f06eb479', description='null'}-localhost:27017] org.mongodb.driver.connection            : Opened connection [connectionId{localValue:2, serverValue:16}] to localhost:27017
2022-05-14 22:18:32.200  INFO 16908 --- [cluster-rtt-ClusterId{value='6280008827159126f06eb479', description='null'}-localhost:27017] org.mongodb.driver.connection            : Opened connection [connectionId{localValue:1, serverValue:15}] to localhost:27017
2022-05-14 22:18:32.204  INFO 16908 --- [cluster-ClusterId{value='6280008827159126f06eb479', description='null'}-localhost:27017] org.mongodb.driver.cluster               : Monitor thread successfully connected to server with description ServerDescription{address=localhost:27017, type=STANDALONE, state=CONNECTED, ok=true, minWireVersion=0, maxWireVersion=13, maxDocumentSize=16777216, logicalSessionTimeoutMinutes=30, roundTripTimeNanos=32041700}
2022-05-14 22:18:32.460  INFO 16908 --- [restartedMain] o.s.b.d.a.OptionalLiveReloadServer       : LiveReload server is running on port 35729
2022-05-14 22:18:32.684  INFO 16908 --- [restartedMain] org.mongodb.driver.cluster               : Cluster created with settings {hosts=[localhost:27017], mode=SINGLE, requiredClusterType=UNKNOWN, serverSelectionTimeout='30000 ms'}
2022-05-14 22:18:32.719  INFO 16908 --- [cluster-rtt-ClusterId{value='6280008827159126f06eb47a', description='null'}-localhost:27017] org.mongodb.driver.connection            : Opened connection [connectionId{localValue:4, serverValue:18}] to localhost:27017
2022-05-14 22:18:32.719  INFO 16908 --- [cluster-ClusterId{value='6280008827159126f06eb47a', description='null'}-localhost:27017] org.mongodb.driver.connection            : Opened connection [connectionId{localValue:3, serverValue:17}] to localhost:27017
2022-05-14 22:18:32.721  INFO 16908 --- [cluster-ClusterId{value='6280008827159126f06eb47a', description='null'}-localhost:27017] org.mongodb.driver.cluster               : Monitor thread successfully connected to server with description ServerDescription{address=localhost:27017, type=STANDALONE, state=CONNECTED, ok=true, minWireVersion=0, maxWireVersion=13, maxDocumentSize=16777216, logicalSessionTimeoutMinutes=30, roundTripTimeNanos=8361000}
2022-05-14 22:18:32.852  INFO 16908 --- [restartedMain] c.r.C.CustomerServiceApplication         : Started CustomerServiceApplication in 3.035 seconds (JVM running for 5.99)
2022-05-14 22:19:01.673  INFO 13416 --- [restartedMain] c.r.C.CustomerServiceApplication         : Starting CustomerServiceApplication using Java 11.0.13 on DESKTOP-AJU2EVC with PID 13416 (C:\Users\emin\Desktop\Projeler\Mülakat\getir\ReadingIsGood\ReadingIsGood\CustomerService\target\classes started by emin in C:\Users\emin\Desktop\Projeler\Mülakat\getir\ReadingIsGood\ReadingIsGood\CustomerService)
2022-05-14 22:19:01.675  INFO 13416 --- [restartedMain] c.r.C.CustomerServiceApplication         : No active profile set, falling back to 1 default profile: "default"
2022-05-14 22:19:01.775  INFO 13416 --- [restartedMain] .e.DevToolsPropertyDefaultsPostProcessor : Devtools property defaults active! Set 'spring.devtools.add-properties' to 'false' to disable
2022-05-14 22:19:02.317  INFO 13416 --- [restartedMain] .s.d.r.c.RepositoryConfigurationDelegate : Bootstrapping Spring Data MongoDB repositories in DEFAULT mode.
2022-05-14 22:19:02.430  INFO 13416 --- [restartedMain] .s.d.r.c.RepositoryConfigurationDelegate : Finished Spring Data repository scanning in 107 ms. Found 1 MongoDB repository interfaces.
2022-05-14 22:19:02.569  INFO 13416 --- [restartedMain] .s.d.r.c.RepositoryConfigurationDelegate : Bootstrapping Spring Data Reactive MongoDB repositories in DEFAULT mode.
2022-05-14 22:19:02.580  INFO 13416 --- [restartedMain] .s.d.r.c.RepositoryConfigurationDelegate : Finished Spring Data repository scanning in 9 ms. Found 0 Reactive MongoDB repository interfaces.
2022-05-14 22:19:03.013  INFO 13416 --- [restartedMain] org.mongodb.driver.cluster               : Cluster created with settings {hosts=[localhost:27017], mode=SINGLE, requiredClusterType=UNKNOWN, serverSelectionTimeout='30000 ms'}
2022-05-14 22:19:03.094  INFO 13416 --- [cluster-ClusterId{value='628000a73bf8451a6c21742c', description='null'}-localhost:27017] org.mongodb.driver.connection            : Opened connection [connectionId{localValue:2, serverValue:19}] to localhost:27017
2022-05-14 22:19:03.094  INFO 13416 --- [cluster-rtt-ClusterId{value='628000a73bf8451a6c21742c', description='null'}-localhost:27017] org.mongodb.driver.connection            : Opened connection [connectionId{localValue:1, serverValue:20}] to localhost:27017
2022-05-14 22:19:03.096  INFO 13416 --- [cluster-ClusterId{value='628000a73bf8451a6c21742c', description='null'}-localhost:27017] org.mongodb.driver.cluster               : Monitor thread successfully connected to server with description ServerDescription{address=localhost:27017, type=STANDALONE, state=CONNECTED, ok=true, minWireVersion=0, maxWireVersion=13, maxDocumentSize=16777216, logicalSessionTimeoutMinutes=30, roundTripTimeNanos=30803400}
2022-05-14 22:19:03.425  INFO 13416 --- [restartedMain] o.s.b.d.a.OptionalLiveReloadServer       : LiveReload server is running on port 35729
2022-05-14 22:19:04.106  INFO 13416 --- [restartedMain] org.mongodb.driver.cluster               : Cluster created with settings {hosts=[localhost:27017], mode=SINGLE, requiredClusterType=UNKNOWN, serverSelectionTimeout='30000 ms'}
2022-05-14 22:19:04.146  INFO 13416 --- [cluster-rtt-ClusterId{value='628000a83bf8451a6c21742d', description='null'}-localhost:27017] org.mongodb.driver.connection            : Opened connection [connectionId{localValue:4, serverValue:21}] to localhost:27017
2022-05-14 22:19:04.149  INFO 13416 --- [cluster-ClusterId{value='628000a83bf8451a6c21742d', description='null'}-localhost:27017] org.mongodb.driver.connection            : Opened connection [connectionId{localValue:3, serverValue:22}] to localhost:27017
2022-05-14 22:19:04.151  INFO 13416 --- [cluster-ClusterId{value='628000a83bf8451a6c21742d', description='null'}-localhost:27017] org.mongodb.driver.cluster               : Monitor thread successfully connected to server with description ServerDescription{address=localhost:27017, type=STANDALONE, state=CONNECTED, ok=true, minWireVersion=0, maxWireVersion=13, maxDocumentSize=16777216, logicalSessionTimeoutMinutes=30, roundTripTimeNanos=16096100}
2022-05-14 22:19:04.405  INFO 13416 --- [restartedMain] c.r.C.CustomerServiceApplication         : Started CustomerServiceApplication in 3.583 seconds (JVM running for 7.332)
2022-05-14 22:19:59.169  INFO 8660 --- [restartedMain] c.r.C.CustomerServiceApplication         : Starting CustomerServiceApplication using Java 11.0.13 on DESKTOP-AJU2EVC with PID 8660 (C:\Users\emin\Desktop\Projeler\Mülakat\getir\ReadingIsGood\ReadingIsGood\CustomerService\target\classes started by emin in C:\Users\emin\Desktop\Projeler\Mülakat\getir\ReadingIsGood\ReadingIsGood\CustomerService)
2022-05-14 22:19:59.172  INFO 8660 --- [restartedMain] c.r.C.CustomerServiceApplication         : No active profile set, falling back to 1 default profile: "default"
2022-05-14 22:19:59.294  INFO 8660 --- [restartedMain] .e.DevToolsPropertyDefaultsPostProcessor : Devtools property defaults active! Set 'spring.devtools.add-properties' to 'false' to disable
2022-05-14 22:19:59.792  INFO 8660 --- [restartedMain] .s.d.r.c.RepositoryConfigurationDelegate : Bootstrapping Spring Data MongoDB repositories in DEFAULT mode.
2022-05-14 22:19:59.923  INFO 8660 --- [restartedMain] .s.d.r.c.RepositoryConfigurationDelegate : Finished Spring Data repository scanning in 124 ms. Found 1 MongoDB repository interfaces.
2022-05-14 22:20:00.041  INFO 8660 --- [restartedMain] .s.d.r.c.RepositoryConfigurationDelegate : Bootstrapping Spring Data Reactive MongoDB repositories in DEFAULT mode.
2022-05-14 22:20:00.054  INFO 8660 --- [restartedMain] .s.d.r.c.RepositoryConfigurationDelegate : Finished Spring Data repository scanning in 12 ms. Found 0 Reactive MongoDB repository interfaces.
2022-05-14 22:20:00.441  INFO 8660 --- [restartedMain] org.mongodb.driver.cluster               : Cluster created with settings {hosts=[localhost:27017], mode=SINGLE, requiredClusterType=UNKNOWN, serverSelectionTimeout='30000 ms'}
2022-05-14 22:20:00.528  INFO 8660 --- [cluster-ClusterId{value='628000e00e2aae57e1ba39f1', description='null'}-localhost:27017] org.mongodb.driver.connection            : Opened connection [connectionId{localValue:2, serverValue:23}] to localhost:27017
2022-05-14 22:20:00.528  INFO 8660 --- [cluster-rtt-ClusterId{value='628000e00e2aae57e1ba39f1', description='null'}-localhost:27017] org.mongodb.driver.connection            : Opened connection [connectionId{localValue:1, serverValue:24}] to localhost:27017
2022-05-14 22:20:00.531  INFO 8660 --- [cluster-ClusterId{value='628000e00e2aae57e1ba39f1', description='null'}-localhost:27017] org.mongodb.driver.cluster               : Monitor thread successfully connected to server with description ServerDescription{address=localhost:27017, type=STANDALONE, state=CONNECTED, ok=true, minWireVersion=0, maxWireVersion=13, maxDocumentSize=16777216, logicalSessionTimeoutMinutes=30, roundTripTimeNanos=31986500}
2022-05-14 22:20:00.749  INFO 8660 --- [restartedMain] o.s.b.d.a.OptionalLiveReloadServer       : LiveReload server is running on port 35729
2022-05-14 22:20:00.976  INFO 8660 --- [restartedMain] org.mongodb.driver.cluster               : Cluster created with settings {hosts=[localhost:27017], mode=SINGLE, requiredClusterType=UNKNOWN, serverSelectionTimeout='30000 ms'}
2022-05-14 22:20:01.011  INFO 8660 --- [cluster-rtt-ClusterId{value='628000e00e2aae57e1ba39f2', description='null'}-localhost:27017] org.mongodb.driver.connection            : Opened connection [connectionId{localValue:4, serverValue:25}] to localhost:27017
2022-05-14 22:20:01.012  INFO 8660 --- [cluster-ClusterId{value='628000e00e2aae57e1ba39f2', description='null'}-localhost:27017] org.mongodb.driver.connection            : Opened connection [connectionId{localValue:3, serverValue:26}] to localhost:27017
2022-05-14 22:20:01.012  INFO 8660 --- [cluster-ClusterId{value='628000e00e2aae57e1ba39f2', description='null'}-localhost:27017] org.mongodb.driver.cluster               : Monitor thread successfully connected to server with description ServerDescription{address=localhost:27017, type=STANDALONE, state=CONNECTED, ok=true, minWireVersion=0, maxWireVersion=13, maxDocumentSize=16777216, logicalSessionTimeoutMinutes=30, roundTripTimeNanos=8756700}
2022-05-14 22:20:01.157  INFO 8660 --- [restartedMain] c.r.C.CustomerServiceApplication         : Started CustomerServiceApplication in 3.03 seconds (JVM running for 5.987)
2022-05-14 22:23:23.513  INFO 28204 --- [restartedMain] c.r.C.CustomerServiceApplication         : Starting CustomerServiceApplication using Java 11.0.13 on DESKTOP-AJU2EVC with PID 28204 (C:\Users\emin\Desktop\Projeler\Mülakat\getir\ReadingIsGood\ReadingIsGood\CustomerService\target\classes started by emin in C:\Users\emin\Desktop\Projeler\Mülakat\getir\ReadingIsGood\ReadingIsGood\CustomerService)
2022-05-14 22:23:23.517  INFO 28204 --- [restartedMain] c.r.C.CustomerServiceApplication         : No active profile set, falling back to 1 default profile: "default"
2022-05-14 22:23:23.668  INFO 28204 --- [restartedMain] .e.DevToolsPropertyDefaultsPostProcessor : Devtools property defaults active! Set 'spring.devtools.add-properties' to 'false' to disable
2022-05-14 22:23:23.669  INFO 28204 --- [restartedMain] .e.DevToolsPropertyDefaultsPostProcessor : For additional web related logging consider setting the 'logging.level.web' property to 'DEBUG'
2022-05-14 22:23:24.761  INFO 28204 --- [restartedMain] .s.d.r.c.RepositoryConfigurationDelegate : Bootstrapping Spring Data MongoDB repositories in DEFAULT mode.
2022-05-14 22:23:24.862  INFO 28204 --- [restartedMain] .s.d.r.c.RepositoryConfigurationDelegate : Finished Spring Data repository scanning in 93 ms. Found 1 MongoDB repository interfaces.
2022-05-14 22:23:25.279  INFO 28204 --- [restartedMain] .s.d.r.c.RepositoryConfigurationDelegate : Bootstrapping Spring Data Reactive MongoDB repositories in DEFAULT mode.
2022-05-14 22:23:25.295  INFO 28204 --- [restartedMain] .s.d.r.c.RepositoryConfigurationDelegate : Finished Spring Data repository scanning in 14 ms. Found 0 Reactive MongoDB repository interfaces.
2022-05-14 22:23:26.442  INFO 28204 --- [restartedMain] o.s.b.w.embedded.tomcat.TomcatWebServer  : Tomcat initialized with port(s): 8080 (http)
2022-05-14 22:23:26.461  INFO 28204 --- [restartedMain] o.apache.catalina.core.StandardService   : Starting service [Tomcat]
2022-05-14 22:23:26.462  INFO 28204 --- [restartedMain] org.apache.catalina.core.StandardEngine  : Starting Servlet engine: [Apache Tomcat/9.0.62]
2022-05-14 22:23:26.636  INFO 28204 --- [restartedMain] o.a.c.c.C.[Tomcat].[localhost].[/]       : Initializing Spring embedded WebApplicationContext
2022-05-14 22:23:26.637  INFO 28204 --- [restartedMain] w.s.c.ServletWebServerApplicationContext : Root WebApplicationContext: initialization completed in 2967 ms
2022-05-14 22:23:26.876  INFO 28204 --- [restartedMain] org.mongodb.driver.cluster               : Cluster created with settings {hosts=[localhost:27017], mode=SINGLE, requiredClusterType=UNKNOWN, serverSelectionTimeout='30000 ms'}
2022-05-14 22:23:26.971  INFO 28204 --- [cluster-rtt-ClusterId{value='628001ae439a0805a2d1f66e', description='null'}-localhost:27017] org.mongodb.driver.connection            : Opened connection [connectionId{localValue:1, serverValue:30}] to localhost:27017
2022-05-14 22:23:26.971  INFO 28204 --- [cluster-ClusterId{value='628001ae439a0805a2d1f66e', description='null'}-localhost:27017] org.mongodb.driver.connection            : Opened connection [connectionId{localValue:2, serverValue:29}] to localhost:27017
2022-05-14 22:23:26.974  INFO 28204 --- [cluster-ClusterId{value='628001ae439a0805a2d1f66e', description='null'}-localhost:27017] org.mongodb.driver.cluster               : Monitor thread successfully connected to server with description ServerDescription{address=localhost:27017, type=STANDALONE, state=CONNECTED, ok=true, minWireVersion=0, maxWireVersion=13, maxDocumentSize=16777216, logicalSessionTimeoutMinutes=30, roundTripTimeNanos=33718300}
2022-05-14 22:23:27.189  WARN 28204 --- [restartedMain] o.s.b.d.a.OptionalLiveReloadServer       : Unable to start LiveReload server
2022-05-14 22:23:28.103  INFO 28204 --- [restartedMain] pertySourcedRequestMappingHandlerMapping : Mapped URL path [/v2/api-docs] onto method [springfox.documentation.swagger2.web.Swagger2Controller#getDocumentation(String, HttpServletRequest)]
2022-05-14 22:23:28.434  INFO 28204 --- [restartedMain] org.mongodb.driver.cluster               : Cluster created with settings {hosts=[localhost:27017], mode=SINGLE, requiredClusterType=UNKNOWN, serverSelectionTimeout='30000 ms'}
2022-05-14 22:23:28.477  INFO 28204 --- [cluster-rtt-ClusterId{value='628001b0439a0805a2d1f66f', description='null'}-localhost:27017] org.mongodb.driver.connection            : Opened connection [connectionId{localValue:4, serverValue:31}] to localhost:27017
2022-05-14 22:23:28.479  INFO 28204 --- [cluster-ClusterId{value='628001b0439a0805a2d1f66f', description='null'}-localhost:27017] org.mongodb.driver.connection            : Opened connection [connectionId{localValue:3, serverValue:32}] to localhost:27017
2022-05-14 22:23:28.480  INFO 28204 --- [cluster-ClusterId{value='628001b0439a0805a2d1f66f', description='null'}-localhost:27017] org.mongodb.driver.cluster               : Monitor thread successfully connected to server with description ServerDescription{address=localhost:27017, type=STANDALONE, state=CONNECTED, ok=true, minWireVersion=0, maxWireVersion=13, maxDocumentSize=16777216, logicalSessionTimeoutMinutes=30, roundTripTimeNanos=12242700}
2022-05-14 22:23:28.578  INFO 28204 --- [restartedMain] .s.s.UserDetailsServiceAutoConfiguration : 

Using generated security password: c14e5fa2-943b-469f-a632-c94e4f8c16f9

2022-05-14 22:23:28.973  INFO 28204 --- [restartedMain] o.s.s.web.DefaultSecurityFilterChain     : Will secure any request with [org.springframework.security.web.context.request.async.WebAsyncManagerIntegrationFilter@19addb5, org.springframework.security.web.context.SecurityContextPersistenceFilter@2b2b3857, org.springframework.security.web.header.HeaderWriterFilter@2f91805a, org.springframework.security.web.csrf.CsrfFilter@1ad4a06f, org.springframework.security.web.authentication.logout.LogoutFilter@5a35398a, org.springframework.security.web.authentication.UsernamePasswordAuthenticationFilter@17c5e1ac, org.springframework.security.web.authentication.ui.DefaultLoginPageGeneratingFilter@12e7cb05, org.springframework.security.web.authentication.ui.DefaultLogoutPageGeneratingFilter@5da88464, org.springframework.security.web.authentication.www.BasicAuthenticationFilter@630743d5, org.springframework.security.web.savedrequest.RequestCacheAwareFilter@4ba19c68, org.springframework.security.web.servletapi.SecurityContextHolderAwareRequestFilter@1cbf5648, org.springframework.security.web.authentication.AnonymousAuthenticationFilter@4e87def, org.springframework.security.web.session.SessionManagementFilter@56c37208, org.springframework.security.web.access.ExceptionTranslationFilter@35fac559, org.springframework.security.web.access.intercept.FilterSecurityInterceptor@7d177007]
2022-05-14 22:23:29.182  INFO 28204 --- [restartedMain] o.s.b.w.embedded.tomcat.TomcatWebServer  : Tomcat started on port(s): 8080 (http) with context path ''
2022-05-14 22:23:29.190  INFO 28204 --- [restartedMain] d.s.w.p.DocumentationPluginsBootstrapper : Context refreshed
2022-05-14 22:23:29.250  INFO 28204 --- [restartedMain] d.s.w.p.DocumentationPluginsBootstrapper : Found 1 custom documentation plugin(s)
2022-05-14 22:23:29.319  INFO 28204 --- [restartedMain] s.d.s.w.s.ApiListingReferenceScanner     : Scanning for api listing references
2022-05-14 22:23:29.570  INFO 28204 --- [restartedMain] c.r.C.CustomerServiceApplication         : Started CustomerServiceApplication in 7.002 seconds (JVM running for 14.239)
2022-05-14 22:23:34.342  INFO 28204 --- [http-nio-8080-exec-1] o.a.c.c.C.[Tomcat].[localhost].[/]       : Initializing Spring DispatcherServlet 'dispatcherServlet'
2022-05-14 22:23:34.343  INFO 28204 --- [http-nio-8080-exec-1] o.s.web.servlet.DispatcherServlet        : Initializing Servlet 'dispatcherServlet'
2022-05-14 22:23:34.346  INFO 28204 --- [http-nio-8080-exec-1] o.s.web.servlet.DispatcherServlet        : Completed initialization in 2 ms
2022-05-14 22:23:35.175  WARN 28204 --- [http-nio-8080-exec-1] o.a.c.util.SessionIdGeneratorBase        : Creation of SecureRandom instance for session ID generation using [SHA1PRNG] took [602] milliseconds.
